app/build/outputs/logs/manifest-merger-debug-report.txt
-- Merging decision tree log ---
manifest
ADDED from src\main\AndroidManifest.xml:2:1-57:12
	package
		ADDED from src\main\AndroidManifest.xml:3:5-37
		INJECTED from src\main\AndroidManifest.xml
		INJECTED from src\main\AndroidManifest.xml
	android:versionName
		ADDED from src\main\AndroidManifest.xml:5:5-30
		INJECTED from src\main\AndroidManifest.xml
		INJECTED from src\main\AndroidManifest.xml
	android:versionCode
		ADDED from src\main\AndroidManifest.xml:4:5-28
		INJECTED from src\main\AndroidManifest.xml
		INJECTED from src\main\AndroidManifest.xml
	xmlns:android
		ADDED from src\main\AndroidManifest.xml:2:11-69
uses-sdk
ADDED from src\main\AndroidManifest.xml:7:5-9:41
	android:targetSdkVersion
		ADDED from src\main\AndroidManifest.xml:9:9-38
		INJECTED from src\main\AndroidManifest.xml
		INJECTED from src\main\AndroidManifest.xml
	android:minSdkVersion
		ADDED from src\main\AndroidManifest.xml:8:9-35
		INJECTED from src\main\AndroidManifest.xml
		INJECTED from src\main\AndroidManifest.xml
uses-permission#android.permission.ACCESS_COARSE_LOCATION
ADDED from src\main\AndroidManifest.xml:11:2-94
	android:name
		ADDED from src\main\AndroidManifest.xml:11:19-75
uses-permission#android.permission.CAMERA
ADDED from src\main\AndroidManifest.xml:12:5-64
	android:name
		ADDED from src\main\AndroidManifest.xml:12:22-62
uses-permission#android.permission.INTERNET
ADDED from src\main\AndroidManifest.xml:13:5-66
	android:name
		ADDED from src\main\AndroidManifest.xml:13:22-64
uses-permission#android.permission.VIBRATE
ADDED from src\main\AndroidManifest.xml:14:5-65
	android:name
		ADDED from src\main\AndroidManifest.xml:14:22-63
uses-permission#android.permission.ACCESS_WIFI_STATE
ADDED from src\main\AndroidManifest.xml:15:5-76
	android:name
		ADDED from src\main\AndroidManifest.xml:15:22-73
uses-permission#android.permission.ACCESS_NETWORK_STATE
ADDED from src\main\AndroidManifest.xml:16:5-79
	android:name
		ADDED from src\main\AndroidManifest.xml:16:22-76
permission#android.permission.FLASHLIGHT
ADDED from src\main\AndroidManifest.xml:17:3-20:5
	android:protectionLevel
		ADDED from src\main\AndroidManifest.xml:19:14-46
	android:permissionGroup
		ADDED from src\main\AndroidManifest.xml:18:14-82
	android:name
		ADDED from src\main\AndroidManifest.xml:17:15-59
uses-feature#android.hardware.camera
ADDED from src\main\AndroidManifest.xml:22:5-60
	android:name
		ADDED from src\main\AndroidManifest.xml:22:19-57
uses-feature#android.hardware.camera.autofocus
ADDED from src\main\AndroidManifest.xml:23:5-94
	android:required
		ADDED from src\main\AndroidManifest.xml:23:68-92
	android:name
		ADDED from src\main\AndroidManifest.xml:23:19-67
uses-feature#android.hardware.camera.flash
ADDED from src\main\AndroidManifest.xml:24:5-90
	android:required
		ADDED from src\main\AndroidManifest.xml:24:64-88
	android:name
		ADDED from src\main\AndroidManifest.xml:24:19-63
application
ADDED from src\main\AndroidManifest.xml:26:5-55:19
	android:label
		ADDED from src\main\AndroidManifest.xml:29:9-41
	android:allowBackup
		ADDED from src\main\AndroidManifest.xml:27:9-35
	android:icon
		ADDED from src\main\AndroidManifest.xml:28:9-45
	android:theme
		ADDED from src\main\AndroidManifest.xml:30:9-40
activity#com.pak.androidproject.MainActivity
ADDED from src\main\AndroidManifest.xml:31:9-41:20
	android:screenOrientation
		ADDED from src\main\AndroidManifest.xml:34:13-49
	android:label
		ADDED from src\main\AndroidManifest.xml:33:13-45
	android:configChanges
		ADDED from src\main\AndroidManifest.xml:35:13-63
	android:name
		ADDED from src\main\AndroidManifest.xml:32:13-40
intent-filter#android.intent.action.MAIN+android.intent.category.LAUNCHER
ADDED from src\main\AndroidManifest.xml:36:13-40:29
action#android.intent.action.MAIN
ADDED from src\main\AndroidManifest.xml:37:17-69
	android:name
		ADDED from src\main\AndroidManifest.xml:37:25-66
category#android.intent.category.LAUNCHER
ADDED from src\main\AndroidManifest.xml:39:17-77
	android:name
		ADDED from src\main\AndroidManifest.xml:39:27-74
activity#com.pak.androidproject.MenuActivity
ADDED from src\main\AndroidManifest.xml:42:9-43:75
	android:screenOrientation
		ADDED from src\main\AndroidManifest.xml:42:47-83
	android:configChanges
		ADDED from src\main\AndroidManifest.xml:43:13-63
	android:name
		ADDED from src\main\AndroidManifest.xml:42:19-46
activity#com.pak.androidproject.OrderAddActivity
ADDED from src\main\AndroidManifest.xml:44:9-45:75
	android:screenOrientation
		ADDED from src\main\AndroidManifest.xml:44:51-87
	android:configChanges
		ADDED from src\main\AndroidManifest.xml:45:13-63
	android:name
		ADDED from src\main\AndroidManifest.xml:44:19-50
activity#com.pak.androidproject.OrderListActivity
ADDED from src\main\AndroidManifest.xml:46:9-47:75
	android:screenOrientation
		ADDED from src\main\AndroidManifest.xml:46:52-88
	android:configChanges
		ADDED from src\main\AndroidManifest.xml:47:13-63
	android:name
		ADDED from src\main\AndroidManifest.xml:46:19-51
activity#com.pak.androidproject.ContactInfo
ADDED from src\main\AndroidManifest.xml:48:9-49:75
	android:screenOrientation
		ADDED from src\main\AndroidManifest.xml:48:46-82
	android:configChanges
		ADDED from src\main\AndroidManifest.xml:49:13-63
	android:name
		ADDED from src\main\AndroidManifest.xml:48:19-45
activity#com.pak.androidproject.OrderEdit1Activity
ADDED from src\main\AndroidManifest.xml:50:9-52:75
	android:screenOrientation
		ADDED from src\main\AndroidManifest.xml:51:47-83
	android:windowSoftInputMode
		ADDED from src\main\AndroidManifest.xml:50:19-58
	android:configChanges
		ADDED from src\main\AndroidManifest.xml:52:13-63
	android:name
		ADDED from src\main\AndroidManifest.xml:51:13-46
activity#com.pak.androidproject.OrderEdit2Activity
ADDED from src\main\AndroidManifest.xml:53:9-54:75
	android:screenOrientation
		ADDED from src\main\AndroidManifest.xml:53:53-89
	android:configChanges
		ADDED from src\main\AndroidManifest.xml:54:13-63
	android:name
		ADDED from src\main\AndroidManifest.xml:53:19-52